------------- SIM ITERATION 0 -------------
CMP_CODE_DISTANCE                                    :           21
CMP_COMPUTE_PATCHES                                  :            4
FACT_L1_COUNT                                        :            2
FACT_L2_COUNT                                        :            1
MEM_BB_CODE_DISTANCE                                 :           24
MEM_BB_BANKS_PER_MODULE                              :            5
MEM_BB_MEAN_EPR_GENERATION_CYCLE_TIME                :            1
=========COMPUTE DEADLOCK INFO================
current cycle = 1984827429
compute memory contents:
	PATCH 0, contents = q95 (c0), num uses = 221
	PATCH 1, contents = q2 (c0), num uses = 3
	PATCH 2, contents = q15 (c0), num uses = 6
	PATCH 3, contents = q111 (c0), num uses = 2
CLIENT 0:
	QUBIT 0, cycle avail = 1984812001, instruction window:
		h 0 (1348598), uop 0/0, scheduled = 1, ready = 1 , cycle done = 18446744073709551615, has memory stall = 1, has resource stall = 0
	QUBIT 1, cycle avail = 1984824001, instruction window:
		h 1 (1348599), uop 0/0, scheduled = 1, ready = 1 , cycle done = 18446744073709551615, has memory stall = 1, has resource stall = 0
	QUBIT 2, cycle avail = 1984824007, instruction window:
	QUBIT 3, cycle avail = 1981656001, instruction window:
	QUBIT 4, cycle avail = 1981205143, instruction window:
	QUBIT 5, cycle avail = 1981666286, instruction window:
	QUBIT 6, cycle avail = 1981681715, instruction window:
	QUBIT 7, cycle avail = 1984378286, instruction window:
	QUBIT 8, cycle avail = 1982019429, instruction window:
	QUBIT 9, cycle avail = 1984640572, instruction window:
	QUBIT 10, cycle avail = 1984640578, instruction window:
	QUBIT 11, cycle avail = 1984657723, instruction window:
	QUBIT 12, cycle avail = 1984669715, instruction window:
	QUBIT 13, cycle avail = 1984672390, instruction window:
	QUBIT 14, cycle avail = 1984625143, instruction window:
	QUBIT 15, cycle avail = 1984824015, instruction window:
	QUBIT 16, cycle avail = 1980893143, instruction window:
	QUBIT 17, cycle avail = 1981698864, instruction window:
	QUBIT 18, cycle avail = 1981536009, instruction window:
	QUBIT 19, cycle avail = 1984249715, instruction window:
	QUBIT 20, cycle avail = 1981920001, instruction window:
	QUBIT 21, cycle avail = 1984246286, instruction window:
	QUBIT 22, cycle avail = 1984249721, instruction window:
	QUBIT 23, cycle avail = 1984707433, instruction window:
	QUBIT 24, cycle avail = 1984712578, instruction window:
	QUBIT 25, cycle avail = 1984728001, instruction window:
	QUBIT 26, cycle avail = 1983185151, instruction window:
	QUBIT 27, cycle avail = 1984726286, instruction window:
	QUBIT 28, cycle avail = 1983413143, instruction window:
	QUBIT 29, cycle avail = 1983405841, instruction window:
	QUBIT 30, cycle avail = 1981123230, instruction window:
	QUBIT 31, cycle avail = 1984741715, instruction window:
	QUBIT 32, cycle avail = 1971384000, instruction window:
	QUBIT 33, cycle avail = 1983894860, instruction window:
	QUBIT 34, cycle avail = 1983915429, instruction window:
	QUBIT 35, cycle avail = 1984476000, instruction window:
	QUBIT 36, cycle avail = 1984057723, instruction window:
	QUBIT 37, cycle avail = 1984452001, instruction window:
	QUBIT 38, cycle avail = 1981942286, instruction window:
	QUBIT 39, cycle avail = 1984458858, instruction window:
	QUBIT 40, cycle avail = 1971356572, instruction window:
	QUBIT 41, cycle avail = 1972326858, instruction window:
	QUBIT 42, cycle avail = 1972349143, instruction window:
	QUBIT 43, cycle avail = 1981488005, instruction window:
	QUBIT 44, cycle avail = 1981505143, instruction window:
	QUBIT 45, cycle avail = 1981505143, instruction window:
	QUBIT 46, cycle avail = 1980944572, instruction window:
	QUBIT 47, cycle avail = 1984800001, instruction window:
	QUBIT 48, cycle avail = 1981518858, instruction window:
	QUBIT 49, cycle avail = 1981964572, instruction window:
	QUBIT 50, cycle avail = 1981950864, instruction window:
	QUBIT 51, cycle avail = 1984212005, instruction window:
	QUBIT 52, cycle avail = 1984102286, instruction window:
	QUBIT 53, cycle avail = 1984224000, instruction window:
	QUBIT 54, cycle avail = 1984224000, instruction window:
	QUBIT 55, cycle avail = 1984800005, instruction window:
	QUBIT 56, cycle avail = 1983248578, instruction window:
	QUBIT 57, cycle avail = 1983277715, instruction window:
	QUBIT 58, cycle avail = 1982670864, instruction window:
	QUBIT 59, cycle avail = 1983399429, instruction window:
	QUBIT 60, cycle avail = 1972297715, instruction window:
	QUBIT 61, cycle avail = 1972899433, instruction window:
	QUBIT 62, cycle avail = 1972918286, instruction window:
	QUBIT 63, cycle avail = 1984741721, instruction window:
	QUBIT 64, cycle avail = 1980399429, instruction window:
	QUBIT 65, cycle avail = 1983066862, instruction window:
	QUBIT 66, cycle avail = 1983066866, instruction window:
	QUBIT 67, cycle avail = 1983080572, instruction window:
	QUBIT 68, cycle avail = 1982146286, instruction window:
	QUBIT 69, cycle avail = 1982886858, instruction window:
	QUBIT 70, cycle avail = 1981256580, instruction window:
	QUBIT 71, cycle avail = 1984741721, instruction window:
	QUBIT 72, cycle avail = 1976592005, instruction window:
	QUBIT 73, cycle avail = 1976604000, instruction window:
	QUBIT 74, cycle avail = 1975712572, instruction window:
	QUBIT 75, cycle avail = 1984760572, instruction window:
	QUBIT 76, cycle avail = 1976537151, instruction window:
	QUBIT 77, cycle avail = 1984757143, instruction window:
	QUBIT 78, cycle avail = 1984757149, instruction window:
	QUBIT 79, cycle avail = 1984760576, instruction window:
	QUBIT 80, cycle avail = 1983678858, instruction window:
	QUBIT 81, cycle avail = 1984308007, instruction window:
	QUBIT 82, cycle avail = 1977101143, instruction window:
	QUBIT 83, cycle avail = 1984311433, instruction window:
	QUBIT 84, cycle avail = 1983277725, instruction window:
	QUBIT 85, cycle avail = 1983303435, instruction window:
	QUBIT 86, cycle avail = 1982319435, instruction window:
	QUBIT 87, cycle avail = 1984323429, instruction window:
	QUBIT 88, cycle avail = 1981412572, instruction window:
	QUBIT 89, cycle avail = 1981434858, instruction window:
	QUBIT 90, cycle avail = 1980699435, instruction window:
	QUBIT 91, cycle avail = 1983946288, instruction window:
	QUBIT 92, cycle avail = 1983792007, instruction window:
	QUBIT 93, cycle avail = 1983958286, instruction window:
	QUBIT 94, cycle avail = 1983946296, instruction window:
	QUBIT 95, cycle avail = 1984824005, instruction window:
	QUBIT 96, cycle avail = 1979257721, instruction window:
	QUBIT 97, cycle avail = 1979317715, instruction window:
	QUBIT 98, cycle avail = 1979317721, instruction window:
	QUBIT 99, cycle avail = 1983471439, instruction window:
	QUBIT 100, cycle avail = 1979646858, instruction window:
	QUBIT 101, cycle avail = 1983486862, instruction window:
	QUBIT 102, cycle avail = 1979952001, instruction window:
	QUBIT 103, cycle avail = 1983497143, instruction window:
	QUBIT 104, cycle avail = 1980714932, instruction window:
	QUBIT 105, cycle avail = 1983329149, instruction window:
	QUBIT 106, cycle avail = 1983341143, instruction window:
	QUBIT 107, cycle avail = 1983341143, instruction window:
	QUBIT 108, cycle avail = 1982382858, instruction window:
	QUBIT 109, cycle avail = 1982384576, instruction window:
	QUBIT 110, cycle avail = 1980341143, instruction window:
	QUBIT 111, cycle avail = 1984824011, instruction window:
	QUBIT 112, cycle avail = 1979228578, instruction window:
	QUBIT 113, cycle avail = 1979369145, instruction window:
	QUBIT 114, cycle avail = 1979391429, instruction window:
	QUBIT 115, cycle avail = 1983356572, instruction window:
	QUBIT 116, cycle avail = 1983363435, instruction window:
	QUBIT 117, cycle avail = 1983384000, instruction window:
	QUBIT 118, cycle avail = 1982552578, instruction window:
	QUBIT 119, cycle avail = 1983396001, instruction window:
	QUBIT 120, cycle avail = 1984781143, instruction window:
terminate called after throwing an instance of 'std::runtime_error'
  what():  deadlock detected
