------------- SIM ITERATION 0 -------------
CMP_CODE_DISTANCE                                    :           21
CMP_COMPUTE_PATCHES                                  :         1000
FACT_L1_COUNT                                        :            8
FACT_L2_COUNT                                        :            2
MEM_BB_CODE_DISTANCE                                 :           24
MEM_BB_BANKS_PER_MODULE                              :            0


SIMULATION_STATS------------------------------------------------------------
CLIENT_0
   KIPS                                              :      11.7379
   VIRTUAL_INST_DONE                                 :      1114251
   UNROLLED_INST_DONE                                :     10000087
   MEMORY_SWAPS                                      :            0
   MEMORY_PREFETCHES                                 :            0
   T_GATE_COUNT                                      :      5784186
   T_TOTAL_ERROR                                     :  5.78419e-06
EVICTIONS_NO_USES                                    :            0
EVICTIONS_PREFETCH_NO_USES                           :            0
FACTORY_L0
   PROD_TRIES                                        :     88082735
   FAILURES                                          :      1319247
FACTORY_L1
   PROD_TRIES                                        :     28427100
   FAILURES                                          :           76
MEMORY
   ALL_REQUESTS                                      :            0
   PREFETCH_REQUESTS                                 :            0
   MEAN_EPR_BUFFER_OCCUPANCY_POST_REQUEST            :          nan
SCALED_CMP_CYCLES                                    :  3.14171e+08
L1_FACTORY_COUNT                                     :            8
L2_FACTORY_COUNT                                     :            2
COMPUTE_TOTAL_PHYSICAL_QUBITS                        :       881000
FACTORY_TOTAL_PHYSICAL_QUBITS                        :        17730
MEMORY_TOTAL_PHYSICAL_QUBITS                         :            0
SIMULATED_CODE_DISTANCE                              :           21
COMPUTE_TOTAL_ERROR                                  :     0.314171
MEMORY_TOTAL_ERROR                                   :            0
FACTORY_TOTAL_ERROR                                  :   5.3752e-05
APPLICATION_SUCCESS_RATE                             :     0.685775
NEXT_ITERATION
   CMP_TARGET_ERROR_RATE_PER_CYCLE                   :  3.18298e-14
   MEM_BB_TARGET_ERROR_RATE_PER_CYCLE                :          inf
   FACT_TARGET_ERROR_RATE_PER_GATE                   :  1.86039e-10
------------- SIM ITERATION 1 -------------
CMP_CODE_DISTANCE                                    :           24
CMP_COMPUTE_PATCHES                                  :         1000
FACT_L1_COUNT                                        :            8
FACT_L2_COUNT                                        :            1
MEM_BB_CODE_DISTANCE                                 :            6
MEM_BB_BANKS_PER_MODULE                              :            0


SIMULATION_STATS------------------------------------------------------------
CLIENT_0
   KIPS                                              :      5.99943
   VIRTUAL_INST_DONE                                 :      1114251
   UNROLLED_INST_DONE                                :     10000094
   MEMORY_SWAPS                                      :            0
   MEMORY_PREFETCHES                                 :            0
   T_GATE_COUNT                                      :      5784189
   T_TOTAL_ERROR                                     :  0.000578419
EVICTIONS_NO_USES                                    :            0
EVICTIONS_PREFETCH_NO_USES                           :            0
FACTORY_L0
   PROD_TRIES                                        :    117445655
   FAILURES                                          :      1761709
FACTORY_L1
   PROD_TRIES                                        :      5784205
   FAILURES                                          :           11
MEMORY
   ALL_REQUESTS                                      :            0
   PREFETCH_REQUESTS                                 :            0
   MEAN_EPR_BUFFER_OCCUPANCY_POST_REQUEST            :          nan
SCALED_CMP_CYCLES                                    :  5.37842e+08
L1_FACTORY_COUNT                                     :            8
L2_FACTORY_COUNT                                     :            1
COMPUTE_TOTAL_PHYSICAL_QUBITS                        :      1151000
FACTORY_TOTAL_PHYSICAL_QUBITS                        :        15348
MEMORY_TOTAL_PHYSICAL_QUBITS                         :            0
SIMULATED_CODE_DISTANCE                              :           24
COMPUTE_TOTAL_ERROR                                  :    0.0170081
MEMORY_TOTAL_ERROR                                   :            0
FACTORY_TOTAL_ERROR                                  :   0.00537521
APPLICATION_SUCCESS_RATE                             :     0.977617
NEXT_ITERATION
   CMP_TARGET_ERROR_RATE_PER_CYCLE                   :  1.85928e-14
   MEM_BB_TARGET_ERROR_RATE_PER_CYCLE                :          inf
   FACT_TARGET_ERROR_RATE_PER_GATE                   :  1.86039e-10
